<?xml version="1.0" encoding="UTF-8"?>
<!-- Generated by org.testng.reporters.JUnitXMLReporter -->
<testsuite ignored="1" hostname="DESKTOP-IRBB8HI" failures="0" tests="1" name="Test" time="0.069" errors="0" timestamp="2023-07-11T17:06:22 IST">
  <testcase classname="Practice_1.CreateTimetableTest" name="RegSample" time="0.019"/>
  <testcase classname="Practice_1.CreateTimetableTest" name="CreateTimetableTest" time="0.0">
    <ignored/>
  </testcase> <!-- CreateTimetableTest -->
</testsuite> <!-- Test -->
