<?xml version="1.0" encoding="UTF-8"?>
<!-- Generated by org.testng.reporters.JUnitXMLReporter -->
<testsuite ignored="4" hostname="DESKTOP-IRBB8HI" failures="0" tests="4" name="Test" time="108.65" errors="0" timestamp="2023-07-13T15:02:43 IST">
  <testcase classname="iSH_sms_generic_Utilities.BaseClass" name="@BeforeMethod loginToApp" time="0.046">
    <failure type="org.openqa.selenium.ElementNotInteractableException" message="Element &amp;lt;input id=&amp;quot;email&amp;quot; class=&amp;quot;form-control&amp;quot; name=&amp;quot;email&amp;quot; type=&amp;quot;text&amp;quot;&amp;gt; is not reachable by keyboard
Build info: version: &amp;apos;4.6.0&amp;apos;, revision: &amp;apos;79f1c02ae20&amp;apos;
System info: os.name: &amp;apos;Windows 11&amp;apos;, os.arch: &amp;apos;amd64&amp;apos;, os.version: &amp;apos;10.0&amp;apos;, java.version: &amp;apos;17.0.2&amp;apos;
Driver info: org.openqa.selenium.firefox.FirefoxDriver
Command: [337c7d2e-ec73-4a2a-bb47-e8f90b3a539b, sendKeysToElement {id=3ccd6ff5-6651-4cc3-bb0f-d2a80583f7b9, value=[Ljava.lang.CharSequence;@7630c45a}]
Capabilities {acceptInsecureCerts: true, browserName: firefox, browserVersion: 115.0.2, moz:accessibilityChecks: false, moz:buildID: 20230710165010, moz:debuggerAddress: 127.0.0.1:36048, moz:geckodriverVersion: 0.33.0, moz:headless: false, moz:platformVersion: 10.0, moz:processID: 24836, moz:profile: C:\Users\VASANT~1.AKA\AppDa..., moz:shutdownTimeout: 60000, moz:useNonSpecCompliantPointerOrigin: false, moz:webdriverClick: true, moz:windowless: false, pageLoadStrategy: normal, platformName: WINDOWS, proxy: Proxy(), se:cdp: ws://127.0.0.1:36048/devtoo..., se:cdpVersion: 85.0, setWindowRect: true, strictFileInteractability: false, timeouts: {implicit: 0, pageLoad: 300000, script: 30000}, unhandledPromptBehavior: dismiss and notify}
Element: [[FirefoxDriver: firefox on WINDOWS (337c7d2e-ec73-4a2a-bb47-e8f90b3a539b)] -&amp;gt; xpath: //input[@type=&amp;apos;text&amp;apos;]]
Session ID: 337c7d2e-ec73-4a2a-bb47-e8f90b3a539b">
      <![CDATA[org.openqa.selenium.ElementNotInteractableException: Element <input id="email" class="form-control" name="email" type="text"> is not reachable by keyboard
Build info: version: '4.6.0', revision: '79f1c02ae20'
System info: os.name: 'Windows 11', os.arch: 'amd64', os.version: '10.0', java.version: '17.0.2'
Driver info: org.openqa.selenium.firefox.FirefoxDriver
Command: [337c7d2e-ec73-4a2a-bb47-e8f90b3a539b, sendKeysToElement {id=3ccd6ff5-6651-4cc3-bb0f-d2a80583f7b9, value=[Ljava.lang.CharSequence;@7630c45a}]
Capabilities {acceptInsecureCerts: true, browserName: firefox, browserVersion: 115.0.2, moz:accessibilityChecks: false, moz:buildID: 20230710165010, moz:debuggerAddress: 127.0.0.1:36048, moz:geckodriverVersion: 0.33.0, moz:headless: false, moz:platformVersion: 10.0, moz:processID: 24836, moz:profile: C:\Users\VASANT~1.AKA\AppDa..., moz:shutdownTimeout: 60000, moz:useNonSpecCompliantPointerOrigin: false, moz:webdriverClick: true, moz:windowless: false, pageLoadStrategy: normal, platformName: WINDOWS, proxy: Proxy(), se:cdp: ws://127.0.0.1:36048/devtoo..., se:cdpVersion: 85.0, setWindowRect: true, strictFileInteractability: false, timeouts: {implicit: 0, pageLoad: 300000, script: 30000}, unhandledPromptBehavior: dismiss and notify}
Element: [[FirefoxDriver: firefox on WINDOWS (337c7d2e-ec73-4a2a-bb47-e8f90b3a539b)] -> xpath: //input[@type='text']]
Session ID: 337c7d2e-ec73-4a2a-bb47-e8f90b3a539b
at org.openqa.selenium.remote.codec.w3c.W3CHttpResponseCodec.createException(W3CHttpResponseCodec.java:200)
at org.openqa.selenium.remote.codec.w3c.W3CHttpResponseCodec.decode(W3CHttpResponseCodec.java:133)
at org.openqa.selenium.remote.codec.w3c.W3CHttpResponseCodec.decode(W3CHttpResponseCodec.java:53)
at org.openqa.selenium.remote.HttpCommandExecutor.execute(HttpCommandExecutor.java:184)
at org.openqa.selenium.remote.service.DriverCommandExecutor.invokeExecute(DriverCommandExecutor.java:167)
at org.openqa.selenium.remote.service.DriverCommandExecutor.execute(DriverCommandExecutor.java:142)
at org.openqa.selenium.remote.RemoteWebDriver.execute(RemoteWebDriver.java:541)
at org.openqa.selenium.remote.RemoteWebElement.execute(RemoteWebElement.java:257)
at org.openqa.selenium.remote.RemoteWebElement.sendKeys(RemoteWebElement.java:113)
at org.openqa.selenium.support.pagefactory.internal.LocatingElementHandler.invoke(LocatingElementHandler.java:52)
at jdk.proxy2/jdk.proxy2.$Proxy20.sendKeys(Unknown Source)
at ISH_sms_ObjectRepositories.LoginPage.LoginPage(LoginPage.java:30)
at iSH_sms_generic_Utilities.BaseClass.loginToApp(BaseClass.java:113)
at java.base/java.util.concurrent.ThreadPoolExecutor.runWorker(ThreadPoolExecutor.java:1136)
at java.base/java.util.concurrent.ThreadPoolExecutor$Worker.run(ThreadPoolExecutor.java:635)
at java.base/java.lang.Thread.run(Thread.java:833)
... Removed 24 stack frames]]>
    </failure>
  </testcase> <!-- @BeforeMethod loginToApp -->
  <testcase classname="iSH_sms_generic_Utilities.BaseClass" name="@AfterMethod logoutFromApplication" time="-1.689240763011E9">
    <skipped/>
  </testcase> <!-- @AfterMethod logoutFromApplication -->
  <testcase classname="iSH_sms_generic_Utilities.BaseClass" name="@AfterClass closeTheBrowser" time="-1.689240763012E9">
    <skipped/>
  </testcase> <!-- @AfterClass closeTheBrowser -->
  <testcase classname="ish.sms.admintest.CreateExamTest" name="createExamTest" time="15.753"/>
  <testcase classname="ish.sms.admintest.CreateGradeTest" name="Create_GradeTest" time="14.321"/>
  <testcase classname="ish.sms.admintest.CreateTimetableTest" name="CreateTimetableTest" time="91.561"/>
  <testcase classname="ish.sms.admintest.CreateTimetableTest" name="RegSample" time="0.0">
    <skipped/>
  </testcase> <!-- RegSample -->
  <testcase classname="iSH_sms_generic_Utilities.BaseClass" name="@AfterSuite closeDB" time="0.0">
    <ignored/>
  </testcase> <!-- @AfterSuite closeDB -->
  <testcase classname="iSH_sms_generic_Utilities.BaseClass" name="@AfterSuite closeDB" time="0.0">
    <ignored/>
  </testcase> <!-- @AfterSuite closeDB -->
  <testcase classname="iSH_sms_generic_Utilities.BaseClass" name="@BeforeSuite connecToDB" time="0.0">
    <ignored/>
  </testcase> <!-- @BeforeSuite connecToDB -->
  <testcase classname="iSH_sms_generic_Utilities.BaseClass" name="@BeforeSuite connecToDB" time="0.0">
    <ignored/>
  </testcase> <!-- @BeforeSuite connecToDB -->
</testsuite> <!-- Test -->
